<?xml version="1.0" encoding="UTF-8"?>
<!-- Generated by org.testng.reporters.JUnitReportReporter -->
<testsuite hostname="DESKTOP-4GAOFMD" failures="0" tests="3" name="Reporting.LearnReports" time="7.743" errors="0" timestamp="2024-06-28T15:58:55 IST" skipped="0">
  <testcase classname="Reporting.LearnReports" name="mytest3" time="0.022"/>
  <testcase classname="Reporting.LearnReports" name="mytest2" time="2.373"/>
  <testcase classname="Reporting.LearnReports" name="mytest1" time="5.348"/>
</testsuite> <!-- Reporting.LearnReports -->
