<?xml version="1.0" encoding="UTF-8"?>
<!-- Generated by org.testng.reporters.JUnitReportReporter -->
<testsuite hostname="DESKTOP-4GAOFMD" failures="0" tests="1" name="uiComponents.AlertHandling" time="14.206" errors="0" timestamp="2024-07-05T23:38:31 IST" skipped="0">
  <testcase classname="uiComponents.AlertHandling" name="handleJSAlert" time="14.206"/>
</testsuite> <!-- uiComponents.AlertHandling -->
