<?xml version="1.0" encoding="UTF-8"?>
<!-- Generated by org.testng.reporters.JUnitReportReporter -->
<testsuite hostname="DESKTOP-4GAOFMD" failures="0" tests="3" name="learnTestNG.LearnHeirachy" time="0.032" errors="0" timestamp="2024-06-15T23:58:55 IST" skipped="0">
  <testcase classname="learnTestNG.LearnHeirachy" name="firstTest" time="0.019"/>
  <testcase classname="learnTestNG.LearnHeirachy" name="secondTest" time="0.010"/>
  <testcase classname="learnTestNG.LearnHeirachy" name="thirdTest" time="0.003"/>
</testsuite> <!-- learnTestNG.LearnHeirachy -->
