<?xml version="1.0" encoding="UTF-8"?>
<!-- Generated by org.testng.reporters.JUnitReportReporter -->
<testsuite hostname="DESKTOP-4GAOFMD" failures="0" tests="2" name="dataProviders.DataParameterizationSimple" time="0.018" errors="0" timestamp="2024-06-18T21:03:36 IST" skipped="0">
  <testcase classname="dataProviders.DataParameterizationSimple" name="secondWebTest" time="0.008"/>
  <testcase classname="dataProviders.DataParameterizationSimple" name="firstWebTest" time="0.010"/>
</testsuite> <!-- dataProviders.DataParameterizationSimple -->
