<?xml version="1.0" encoding="UTF-8"?>
<!-- Generated by org.testng.reporters.JUnitReportReporter -->
<testsuite hostname="DESKTOP-4GAOFMD" failures="0" tests="1" name="learnTestNG.MobileTesting" time="0.003" errors="0" timestamp="2024-06-15T23:54:39 IST" skipped="0">
  <testcase classname="learnTestNG.MobileTesting" name="firstMobileTest" time="0.003"/>
</testsuite> <!-- learnTestNG.MobileTesting -->
