<?xml version="1.0" encoding="UTF-8"?>
<!-- Generated by org.testng.reporters.JUnitReportReporter -->
<testsuite hostname="DESKTOP-4GAOFMD" failures="0" tests="1" name="learnTestNG.WebTestingGroups" time="0.010" errors="0" timestamp="2024-06-16T20:54:26 IST" skipped="0">
  <testcase classname="learnTestNG.WebTestingGroups" name="secondWebTest" time="0.010"/>
</testsuite> <!-- learnTestNG.WebTestingGroups -->
