<?xml version="1.0" encoding="UTF-8"?>
<!-- Generated by org.testng.reporters.JUnitReportReporter -->
<testsuite hostname="DESKTOP-4GAOFMD" failures="0" tests="1" name="learnTestNG.MobileTestingGroups" time="0.005" errors="0" timestamp="2024-06-16T20:54:26 IST" skipped="0">
  <testcase classname="learnTestNG.MobileTestingGroups" name="secondMobileTest" time="0.005"/>
</testsuite> <!-- learnTestNG.MobileTestingGroups -->
