<?xml version="1.0" encoding="UTF-8"?>
<!-- Generated by org.testng.reporters.JUnitReportReporter -->
<testsuite hostname="DESKTOP-4GAOFMD" failures="0" tests="2" name="dataProviders.LearnDataProvidersFaker" time="0.098" errors="0" timestamp="2024-06-17T00:33:51 IST" skipped="0">
  <testcase classname="dataProviders.LearnDataProvidersFaker" name="mytest" time="0.002"/>
  <testcase classname="dataProviders.LearnDataProvidersFaker" name="mytest" time="0.096"/>
</testsuite> <!-- dataProviders.LearnDataProvidersFaker -->
