<?xml version="1.0" encoding="UTF-8"?>
<!-- Generated by org.testng.reporters.JUnitReportReporter -->
<testsuite hostname="DESKTOP-4GAOFMD" failures="0" tests="1" name="uiComponents.RealTest" time="9.927" errors="0" timestamp="2024-06-18T21:14:32 IST" skipped="0">
  <testcase classname="uiComponents.RealTest" name="myrealTest" time="9.927"/>
</testsuite> <!-- uiComponents.RealTest -->
