<?xml version="1.0" encoding="UTF-8"?>
<!-- Generated by org.testng.reporters.JUnitReportReporter -->
<testsuite hostname="DESKTOP-4GAOFMD" failures="0" tests="2" name="dataProviders.LearnDataProviders" time="0.014" errors="0" timestamp="2024-06-17T00:05:42 IST" skipped="0">
  <testcase classname="dataProviders.LearnDataProviders" name="mytest" time="0.011"/>
  <testcase classname="dataProviders.LearnDataProviders" name="mytest" time="0.003"/>
</testsuite> <!-- dataProviders.LearnDataProviders -->
